<?xml version="1.0" encoding="UTF-8"?>
<!-- Generated by org.testng.reporters.JUnitXMLReporter -->
<testsuite ignored="0" hostname="DESKTOP-48MG7AU" failures="0" tests="17" name="Default test" time="45.54" errors="0" timestamp="2024-04-12T00:40:54 IST">
  <testcase classname="testcases.DownloadInvoiceTest24" name="SignUpPageTitle" time="0.026"/>
  <testcase classname="testcases.DownloadInvoiceTest24" name="Add" time="3.509"/>
  <testcase classname="testcases.DownloadInvoiceTest24" name="Usersignup" time="4.738"/>
  <testcase classname="testcases.DownloadInvoiceTest24" name="nextpage" time="0.495"/>
  <testcase classname="testcases.DownloadInvoiceTest24" name="Addressdeatils1" time="1.127"/>
  <testcase classname="testcases.DownloadInvoiceTest24" name="Addressdeatils2" time="2.755"/>
  <testcase classname="testcases.DownloadInvoiceTest24" name="accountCreated" time="0.139"/>
  <testcase classname="testcases.DownloadInvoiceTest24" name="Userlogged" time="4.634"/>
  <testcase classname="testcases.DownloadInvoiceTest24" name="GotoCart" time="7.217"/>
  <testcase classname="testcases.DownloadInvoiceTest24" name="verifyaddress" time="0.064"/>
  <testcase classname="testcases.DownloadInvoiceTest24" name="verifyreview" time="0.117"/>
  <testcase classname="testcases.DownloadInvoiceTest24" name="Ordernote" time="1.617"/>
  <testcase classname="testcases.DownloadInvoiceTest24" name="creditcard" time="4.131"/>
  <testcase classname="testcases.DownloadInvoiceTest24" name="ordermsg" time="0.042"/>
  <testcase classname="testcases.DownloadInvoiceTest24" name="invoicelocation" time="0.468"/>
  <testcase classname="testcases.DownloadInvoiceTest24" name="Accdelete" time="2.262"/>
  <testcase classname="testcases.DownloadInvoiceTest24" name="Startagain" time="2.633"/>
</testsuite> <!-- Default test -->
